Nov 22 2018 21:22:19
{"Number":2,"Message":"filesize(): stat failed for C:\\xampp\\htdocs\\Montique\\wp-content\\plugins\\all-in-one-wp-migration\\storage\\mrgk0pp86pul\\localhost.org-montique-20181122-212207-899.wpress","File":"C:\\xampp\\htdocs\\Montique\\wp-content\\plugins\\all-in-one-wp-migration\\functions.php","Line":229}

Nov 22 2018 21:22:19
{"Number":2,"Message":"fopen(C:\\xampp\\htdocs\\Montique\\wp-content\\plugins\\all-in-one-wp-migration\\storage\\mrgk0pp86pul\\filemap.list): failed to open stream: No such file or directory","File":"C:\\xampp\\htdocs\\Montique\\wp-content\\plugins\\all-in-one-wp-migration\\functions.php","Line":1062}

Nov 23 2018 20:31:56
{"Number":2,"Message":"fopen(C:\\\\xampp\\\\htdocs\\\\Montique\\\\wp-content\\\\themes\\\\twentyfifteen\\\\404.php): failed to open stream: No such file or directory","File":"C:\\xampp\\htdocs\\Montique\\wp-content\\plugins\\all-in-one-wp-migration\\lib\\vendor\\servmask\\archiver\\class-ai1wm-compressor.php","Line":68}

Nov 23 2018 20:31:56
{"Number":2,"Message":"fopen(C:\\\\xampp\\\\htdocs\\\\Montique\\\\wp-content\\\\themes\\\\twentyfifteen\\\\archive.php): failed to open stream: No such file or directory","File":"C:\\xampp\\htdocs\\Montique\\wp-content\\plugins\\all-in-one-wp-migration\\lib\\vendor\\servmask\\archiver\\class-ai1wm-compressor.php","Line":68}

Nov 23 2018 20:31:56
{"Number":2,"Message":"fopen(C:\\\\xampp\\\\htdocs\\\\Montique\\\\wp-content\\\\themes\\\\twentyfifteen\\\\author-bio.php): failed to open stream: No such file or directory","File":"C:\\xampp\\htdocs\\Montique\\wp-content\\plugins\\all-in-one-wp-migration\\lib\\vendor\\servmask\\archiver\\class-ai1wm-compressor.php","Line":68}

Nov 23 2018 20:31:56
{"Number":2,"Message":"fopen(C:\\\\xampp\\\\htdocs\\\\Montique\\\\wp-content\\\\themes\\\\twentyfifteen\\\\comments.php): failed to open stream: No such file or directory","File":"C:\\xampp\\htdocs\\Montique\\wp-content\\plugins\\all-in-one-wp-migration\\lib\\vendor\\servmask\\archiver\\class-ai1wm-compressor.php","Line":68}

Nov 23 2018 20:31:56
{"Number":2,"Message":"fopen(C:\\\\xampp\\\\htdocs\\\\Montique\\\\wp-content\\\\themes\\\\twentyfifteen\\\\content-link.php): failed to open stream: No such file or directory","File":"C:\\xampp\\htdocs\\Montique\\wp-content\\plugins\\all-in-one-wp-migration\\lib\\vendor\\servmask\\archiver\\class-ai1wm-compressor.php","Line":68}

Nov 23 2018 20:31:56
{"Number":2,"Message":"fopen(C:\\\\xampp\\\\htdocs\\\\Montique\\\\wp-content\\\\themes\\\\twentyfifteen\\\\content-none.php): failed to open stream: No such file or directory","File":"C:\\xampp\\htdocs\\Montique\\wp-content\\plugins\\all-in-one-wp-migration\\lib\\vendor\\servmask\\archiver\\class-ai1wm-compressor.php","Line":68}

Nov 23 2018 20:31:56
{"Number":2,"Message":"fopen(C:\\\\xampp\\\\htdocs\\\\Montique\\\\wp-content\\\\themes\\\\twentyfifteen\\\\content-page.php): failed to open stream: No such file or directory","File":"C:\\xampp\\htdocs\\Montique\\wp-content\\plugins\\all-in-one-wp-migration\\lib\\vendor\\servmask\\archiver\\class-ai1wm-compressor.php","Line":68}

Nov 23 2018 20:31:56
{"Number":2,"Message":"fopen(C:\\\\xampp\\\\htdocs\\\\Montique\\\\wp-content\\\\themes\\\\twentyfifteen\\\\content-search.php): failed to open stream: No such file or directory","File":"C:\\xampp\\htdocs\\Montique\\wp-content\\plugins\\all-in-one-wp-migration\\lib\\vendor\\servmask\\archiver\\class-ai1wm-compressor.php","Line":68}

Nov 23 2018 20:31:56
{"Number":2,"Message":"fopen(C:\\\\xampp\\\\htdocs\\\\Montique\\\\wp-content\\\\themes\\\\twentyfifteen\\\\content.php): failed to open stream: No such file or directory","File":"C:\\xampp\\htdocs\\Montique\\wp-content\\plugins\\all-in-one-wp-migration\\lib\\vendor\\servmask\\archiver\\class-ai1wm-compressor.php","Line":68}

Nov 23 2018 20:31:56
{"Number":2,"Message":"fopen(C:\\\\xampp\\\\htdocs\\\\Montique\\\\wp-content\\\\themes\\\\twentyfifteen\\\\css\\\\editor-style.css): failed to open stream: No such file or directory","File":"C:\\xampp\\htdocs\\Montique\\wp-content\\plugins\\all-in-one-wp-migration\\lib\\vendor\\servmask\\archiver\\class-ai1wm-compressor.php","Line":68}

Nov 23 2018 20:31:56
{"Number":2,"Message":"fopen(C:\\\\xampp\\\\htdocs\\\\Montique\\\\wp-content\\\\themes\\\\twentyfifteen\\\\css\\\\ie.css): failed to open stream: No such file or directory","File":"C:\\xampp\\htdocs\\Montique\\wp-content\\plugins\\all-in-one-wp-migration\\lib\\vendor\\servmask\\archiver\\class-ai1wm-compressor.php","Line":68}

Nov 23 2018 20:31:56
{"Number":2,"Message":"fopen(C:\\\\xampp\\\\htdocs\\\\Montique\\\\wp-content\\\\themes\\\\twentyfifteen\\\\css\\\\ie7.css): failed to open stream: No such file or directory","File":"C:\\xampp\\htdocs\\Montique\\wp-content\\plugins\\all-in-one-wp-migration\\lib\\vendor\\servmask\\archiver\\class-ai1wm-compressor.php","Line":68}

Nov 23 2018 20:31:56
{"Number":2,"Message":"fopen(C:\\\\xampp\\\\htdocs\\\\Montique\\\\wp-content\\\\themes\\\\twentyfifteen\\\\footer.php): failed to open stream: No such file or directory","File":"C:\\xampp\\htdocs\\Montique\\wp-content\\plugins\\all-in-one-wp-migration\\lib\\vendor\\servmask\\archiver\\class-ai1wm-compressor.php","Line":68}

Nov 23 2018 20:31:56
{"Number":2,"Message":"fopen(C:\\\\xampp\\\\htdocs\\\\Montique\\\\wp-content\\\\themes\\\\twentyfifteen\\\\functions.php): failed to open stream: No such file or directory","File":"C:\\xampp\\htdocs\\Montique\\wp-content\\plugins\\all-in-one-wp-migration\\lib\\vendor\\servmask\\archiver\\class-ai1wm-compressor.php","Line":68}

Nov 23 2018 20:31:56
{"Number":2,"Message":"fopen(C:\\\\xampp\\\\htdocs\\\\Montique\\\\wp-content\\\\themes\\\\twentyfifteen\\\\genericons\\\\COPYING.txt): failed to open stream: No such file or directory","File":"C:\\xampp\\htdocs\\Montique\\wp-content\\plugins\\all-in-one-wp-migration\\lib\\vendor\\servmask\\archiver\\class-ai1wm-compressor.php","Line":68}

Nov 23 2018 20:31:56
{"Number":2,"Message":"fopen(C:\\\\xampp\\\\htdocs\\\\Montique\\\\wp-content\\\\themes\\\\twentyfifteen\\\\genericons\\\\genericons.css): failed to open stream: No such file or directory","File":"C:\\xampp\\htdocs\\Montique\\wp-content\\plugins\\all-in-one-wp-migration\\lib\\vendor\\servmask\\archiver\\class-ai1wm-compressor.php","Line":68}

Nov 23 2018 20:31:56
{"Number":2,"Message":"fopen(C:\\\\xampp\\\\htdocs\\\\Montique\\\\wp-content\\\\themes\\\\twentyfifteen\\\\genericons\\\\Genericons.eot): failed to open stream: No such file or directory","File":"C:\\xampp\\htdocs\\Montique\\wp-content\\plugins\\all-in-one-wp-migration\\lib\\vendor\\servmask\\archiver\\class-ai1wm-compressor.php","Line":68}

Nov 23 2018 20:31:56
{"Number":2,"Message":"fopen(C:\\\\xampp\\\\htdocs\\\\Montique\\\\wp-content\\\\themes\\\\twentyfifteen\\\\genericons\\\\Genericons.svg): failed to open stream: No such file or directory","File":"C:\\xampp\\htdocs\\Montique\\wp-content\\plugins\\all-in-one-wp-migration\\lib\\vendor\\servmask\\archiver\\class-ai1wm-compressor.php","Line":68}

Nov 23 2018 20:31:56
{"Number":2,"Message":"fopen(C:\\\\xampp\\\\htdocs\\\\Montique\\\\wp-content\\\\themes\\\\twentyfifteen\\\\genericons\\\\Genericons.ttf): failed to open stream: No such file or directory","File":"C:\\xampp\\htdocs\\Montique\\wp-content\\plugins\\all-in-one-wp-migration\\lib\\vendor\\servmask\\archiver\\class-ai1wm-compressor.php","Line":68}

Nov 23 2018 20:31:56
{"Number":2,"Message":"fopen(C:\\\\xampp\\\\htdocs\\\\Montique\\\\wp-content\\\\themes\\\\twentyfifteen\\\\genericons\\\\Genericons.woff): failed to open stream: No such file or directory","File":"C:\\xampp\\htdocs\\Montique\\wp-content\\plugins\\all-in-one-wp-migration\\lib\\vendor\\servmask\\archiver\\class-ai1wm-compressor.php","Line":68}

Nov 23 2018 20:31:56
{"Number":2,"Message":"fopen(C:\\\\xampp\\\\htdocs\\\\Montique\\\\wp-content\\\\themes\\\\twentyfifteen\\\\genericons\\\\LICENSE.txt): failed to open stream: No such file or directory","File":"C:\\xampp\\htdocs\\Montique\\wp-content\\plugins\\all-in-one-wp-migration\\lib\\vendor\\servmask\\archiver\\class-ai1wm-compressor.php","Line":68}

Nov 23 2018 20:31:56
{"Number":2,"Message":"fopen(C:\\\\xampp\\\\htdocs\\\\Montique\\\\wp-content\\\\themes\\\\twentyfifteen\\\\genericons\\\\README.md): failed to open stream: No such file or directory","File":"C:\\xampp\\htdocs\\Montique\\wp-content\\plugins\\all-in-one-wp-migration\\lib\\vendor\\servmask\\archiver\\class-ai1wm-compressor.php","Line":68}

Nov 23 2018 20:31:56
{"Number":2,"Message":"fopen(C:\\\\xampp\\\\htdocs\\\\Montique\\\\wp-content\\\\themes\\\\twentyfifteen\\\\header.php): failed to open stream: No such file or directory","File":"C:\\xampp\\htdocs\\Montique\\wp-content\\plugins\\all-in-one-wp-migration\\lib\\vendor\\servmask\\archiver\\class-ai1wm-compressor.php","Line":68}

Nov 23 2018 20:31:56
{"Number":2,"Message":"fopen(C:\\\\xampp\\\\htdocs\\\\Montique\\\\wp-content\\\\themes\\\\twentyfifteen\\\\image.php): failed to open stream: No such file or directory","File":"C:\\xampp\\htdocs\\Montique\\wp-content\\plugins\\all-in-one-wp-migration\\lib\\vendor\\servmask\\archiver\\class-ai1wm-compressor.php","Line":68}

Nov 23 2018 20:31:56
{"Number":2,"Message":"fopen(C:\\\\xampp\\\\htdocs\\\\Montique\\\\wp-content\\\\themes\\\\twentyfifteen\\\\inc\\\\back-compat.php): failed to open stream: No such file or directory","File":"C:\\xampp\\htdocs\\Montique\\wp-content\\plugins\\all-in-one-wp-migration\\lib\\vendor\\servmask\\archiver\\class-ai1wm-compressor.php","Line":68}

Nov 23 2018 20:31:56
{"Number":2,"Message":"fopen(C:\\\\xampp\\\\htdocs\\\\Montique\\\\wp-content\\\\themes\\\\twentyfifteen\\\\inc\\\\custom-header.php): failed to open stream: No such file or directory","File":"C:\\xampp\\htdocs\\Montique\\wp-content\\plugins\\all-in-one-wp-migration\\lib\\vendor\\servmask\\archiver\\class-ai1wm-compressor.php","Line":68}

Nov 23 2018 20:31:56
{"Number":2,"Message":"fopen(C:\\\\xampp\\\\htdocs\\\\Montique\\\\wp-content\\\\themes\\\\twentyfifteen\\\\inc\\\\customizer.php): failed to open stream: No such file or directory","File":"C:\\xampp\\htdocs\\Montique\\wp-content\\plugins\\all-in-one-wp-migration\\lib\\vendor\\servmask\\archiver\\class-ai1wm-compressor.php","Line":68}

Nov 23 2018 20:31:56
{"Number":2,"Message":"fopen(C:\\\\xampp\\\\htdocs\\\\Montique\\\\wp-content\\\\themes\\\\twentyfifteen\\\\inc\\\\template-tags.php): failed to open stream: No such file or directory","File":"C:\\xampp\\htdocs\\Montique\\wp-content\\plugins\\all-in-one-wp-migration\\lib\\vendor\\servmask\\archiver\\class-ai1wm-compressor.php","Line":68}

Nov 23 2018 20:31:56
{"Number":2,"Message":"fopen(C:\\\\xampp\\\\htdocs\\\\Montique\\\\wp-content\\\\themes\\\\twentyfifteen\\\\index.php): failed to open stream: No such file or directory","File":"C:\\xampp\\htdocs\\Montique\\wp-content\\plugins\\all-in-one-wp-migration\\lib\\vendor\\servmask\\archiver\\class-ai1wm-compressor.php","Line":68}

Nov 23 2018 20:31:56
{"Number":2,"Message":"fopen(C:\\\\xampp\\\\htdocs\\\\Montique\\\\wp-content\\\\themes\\\\twentyfifteen\\\\js\\\\color-scheme-control.js): failed to open stream: No such file or directory","File":"C:\\xampp\\htdocs\\Montique\\wp-content\\plugins\\all-in-one-wp-migration\\lib\\vendor\\servmask\\archiver\\class-ai1wm-compressor.php","Line":68}

Nov 23 2018 20:31:56
{"Number":2,"Message":"fopen(C:\\\\xampp\\\\htdocs\\\\Montique\\\\wp-content\\\\themes\\\\twentyfifteen\\\\js\\\\customize-preview.js): failed to open stream: No such file or directory","File":"C:\\xampp\\htdocs\\Montique\\wp-content\\plugins\\all-in-one-wp-migration\\lib\\vendor\\servmask\\archiver\\class-ai1wm-compressor.php","Line":68}

Nov 23 2018 20:31:56
{"Number":2,"Message":"fopen(C:\\\\xampp\\\\htdocs\\\\Montique\\\\wp-content\\\\themes\\\\twentyfifteen\\\\js\\\\functions.js): failed to open stream: No such file or directory","File":"C:\\xampp\\htdocs\\Montique\\wp-content\\plugins\\all-in-one-wp-migration\\lib\\vendor\\servmask\\archiver\\class-ai1wm-compressor.php","Line":68}

Nov 23 2018 20:31:56
{"Number":2,"Message":"fopen(C:\\\\xampp\\\\htdocs\\\\Montique\\\\wp-content\\\\themes\\\\twentyfifteen\\\\js\\\\html5.js): failed to open stream: No such file or directory","File":"C:\\xampp\\htdocs\\Montique\\wp-content\\plugins\\all-in-one-wp-migration\\lib\\vendor\\servmask\\archiver\\class-ai1wm-compressor.php","Line":68}

Nov 23 2018 20:31:56
{"Number":2,"Message":"fopen(C:\\\\xampp\\\\htdocs\\\\Montique\\\\wp-content\\\\themes\\\\twentyfifteen\\\\js\\\\keyboard-image-navigation.js): failed to open stream: No such file or directory","File":"C:\\xampp\\htdocs\\Montique\\wp-content\\plugins\\all-in-one-wp-migration\\lib\\vendor\\servmask\\archiver\\class-ai1wm-compressor.php","Line":68}

Nov 23 2018 20:31:56
{"Number":2,"Message":"fopen(C:\\\\xampp\\\\htdocs\\\\Montique\\\\wp-content\\\\themes\\\\twentyfifteen\\\\js\\\\skip-link-focus-fix.js): failed to open stream: No such file or directory","File":"C:\\xampp\\htdocs\\Montique\\wp-content\\plugins\\all-in-one-wp-migration\\lib\\vendor\\servmask\\archiver\\class-ai1wm-compressor.php","Line":68}

Nov 23 2018 20:31:56
{"Number":2,"Message":"fopen(C:\\\\xampp\\\\htdocs\\\\Montique\\\\wp-content\\\\themes\\\\twentyfifteen\\\\page.php): failed to open stream: No such file or directory","File":"C:\\xampp\\htdocs\\Montique\\wp-content\\plugins\\all-in-one-wp-migration\\lib\\vendor\\servmask\\archiver\\class-ai1wm-compressor.php","Line":68}

Nov 23 2018 20:31:56
{"Number":2,"Message":"fopen(C:\\\\xampp\\\\htdocs\\\\Montique\\\\wp-content\\\\themes\\\\twentyfifteen\\\\readme.txt): failed to open stream: No such file or directory","File":"C:\\xampp\\htdocs\\Montique\\wp-content\\plugins\\all-in-one-wp-migration\\lib\\vendor\\servmask\\archiver\\class-ai1wm-compressor.php","Line":68}

Nov 23 2018 20:31:56
{"Number":2,"Message":"fopen(C:\\\\xampp\\\\htdocs\\\\Montique\\\\wp-content\\\\themes\\\\twentyfifteen\\\\rtl.css): failed to open stream: No such file or directory","File":"C:\\xampp\\htdocs\\Montique\\wp-content\\plugins\\all-in-one-wp-migration\\lib\\vendor\\servmask\\archiver\\class-ai1wm-compressor.php","Line":68}

Nov 23 2018 20:31:56
{"Number":2,"Message":"fopen(C:\\\\xampp\\\\htdocs\\\\Montique\\\\wp-content\\\\themes\\\\twentyfifteen\\\\screenshot.png): failed to open stream: No such file or directory","File":"C:\\xampp\\htdocs\\Montique\\wp-content\\plugins\\all-in-one-wp-migration\\lib\\vendor\\servmask\\archiver\\class-ai1wm-compressor.php","Line":68}

Nov 23 2018 20:31:56
{"Number":2,"Message":"fopen(C:\\\\xampp\\\\htdocs\\\\Montique\\\\wp-content\\\\themes\\\\twentyfifteen\\\\search.php): failed to open stream: No such file or directory","File":"C:\\xampp\\htdocs\\Montique\\wp-content\\plugins\\all-in-one-wp-migration\\lib\\vendor\\servmask\\archiver\\class-ai1wm-compressor.php","Line":68}

Nov 23 2018 20:31:56
{"Number":2,"Message":"fopen(C:\\\\xampp\\\\htdocs\\\\Montique\\\\wp-content\\\\themes\\\\twentyfifteen\\\\sidebar.php): failed to open stream: No such file or directory","File":"C:\\xampp\\htdocs\\Montique\\wp-content\\plugins\\all-in-one-wp-migration\\lib\\vendor\\servmask\\archiver\\class-ai1wm-compressor.php","Line":68}

Nov 23 2018 20:31:56
{"Number":2,"Message":"fopen(C:\\\\xampp\\\\htdocs\\\\Montique\\\\wp-content\\\\themes\\\\twentyfifteen\\\\single.php): failed to open stream: No such file or directory","File":"C:\\xampp\\htdocs\\Montique\\wp-content\\plugins\\all-in-one-wp-migration\\lib\\vendor\\servmask\\archiver\\class-ai1wm-compressor.php","Line":68}

Nov 23 2018 20:31:56
{"Number":2,"Message":"fopen(C:\\\\xampp\\\\htdocs\\\\Montique\\\\wp-content\\\\themes\\\\twentyfifteen\\\\style.css): failed to open stream: No such file or directory","File":"C:\\xampp\\htdocs\\Montique\\wp-content\\plugins\\all-in-one-wp-migration\\lib\\vendor\\servmask\\archiver\\class-ai1wm-compressor.php","Line":68}

Nov 23 2018 20:31:56
{"Number":2,"Message":"fopen(C:\\\\xampp\\\\htdocs\\\\Montique\\\\wp-content\\\\themes\\\\twentyseventeen\\\\404.php): failed to open stream: No such file or directory","File":"C:\\xampp\\htdocs\\Montique\\wp-content\\plugins\\all-in-one-wp-migration\\lib\\vendor\\servmask\\archiver\\class-ai1wm-compressor.php","Line":68}

Nov 23 2018 20:31:56
{"Number":2,"Message":"fopen(C:\\\\xampp\\\\htdocs\\\\Montique\\\\wp-content\\\\themes\\\\twentyseventeen\\\\archive.php): failed to open stream: No such file or directory","File":"C:\\xampp\\htdocs\\Montique\\wp-content\\plugins\\all-in-one-wp-migration\\lib\\vendor\\servmask\\archiver\\class-ai1wm-compressor.php","Line":68}

Nov 23 2018 20:31:56
{"Number":2,"Message":"fopen(C:\\\\xampp\\\\htdocs\\\\Montique\\\\wp-content\\\\themes\\\\twentyseventeen\\\\assets\\\\css\\\\colors-dark.css): failed to open stream: No such file or directory","File":"C:\\xampp\\htdocs\\Montique\\wp-content\\plugins\\all-in-one-wp-migration\\lib\\vendor\\servmask\\archiver\\class-ai1wm-compressor.php","Line":68}

Nov 23 2018 20:31:56
{"Number":2,"Message":"fopen(C:\\\\xampp\\\\htdocs\\\\Montique\\\\wp-content\\\\themes\\\\twentyseventeen\\\\assets\\\\css\\\\editor-style.css): failed to open stream: No such file or directory","File":"C:\\xampp\\htdocs\\Montique\\wp-content\\plugins\\all-in-one-wp-migration\\lib\\vendor\\servmask\\archiver\\class-ai1wm-compressor.php","Line":68}

Nov 23 2018 20:31:56
{"Number":2,"Message":"fopen(C:\\\\xampp\\\\htdocs\\\\Montique\\\\wp-content\\\\themes\\\\twentyseventeen\\\\assets\\\\css\\\\ie8.css): failed to open stream: No such file or directory","File":"C:\\xampp\\htdocs\\Montique\\wp-content\\plugins\\all-in-one-wp-migration\\lib\\vendor\\servmask\\archiver\\class-ai1wm-compressor.php","Line":68}

Nov 23 2018 20:31:56
{"Number":2,"Message":"fopen(C:\\\\xampp\\\\htdocs\\\\Montique\\\\wp-content\\\\themes\\\\twentyseventeen\\\\assets\\\\css\\\\ie9.css): failed to open stream: No such file or directory","File":"C:\\xampp\\htdocs\\Montique\\wp-content\\plugins\\all-in-one-wp-migration\\lib\\vendor\\servmask\\archiver\\class-ai1wm-compressor.php","Line":68}

Nov 23 2018 20:31:56
{"Number":2,"Message":"fopen(C:\\\\xampp\\\\htdocs\\\\Montique\\\\wp-content\\\\themes\\\\twentyseventeen\\\\assets\\\\images\\\\coffee.jpg): failed to open stream: No such file or directory","File":"C:\\xampp\\htdocs\\Montique\\wp-content\\plugins\\all-in-one-wp-migration\\lib\\vendor\\servmask\\archiver\\class-ai1wm-compressor.php","Line":68}

Nov 23 2018 20:31:56
{"Number":2,"Message":"fopen(C:\\\\xampp\\\\htdocs\\\\Montique\\\\wp-content\\\\themes\\\\twentyseventeen\\\\assets\\\\images\\\\espresso.jpg): failed to open stream: No such file or directory","File":"C:\\xampp\\htdocs\\Montique\\wp-content\\plugins\\all-in-one-wp-migration\\lib\\vendor\\servmask\\archiver\\class-ai1wm-compressor.php","Line":68}

Nov 23 2018 20:31:56
{"Number":2,"Message":"fopen(C:\\\\xampp\\\\htdocs\\\\Montique\\\\wp-content\\\\themes\\\\twentyseventeen\\\\assets\\\\images\\\\header.jpg): failed to open stream: No such file or directory","File":"C:\\xampp\\htdocs\\Montique\\wp-content\\plugins\\all-in-one-wp-migration\\lib\\vendor\\servmask\\archiver\\class-ai1wm-compressor.php","Line":68}

Nov 23 2018 20:31:56
{"Number":2,"Message":"fopen(C:\\\\xampp\\\\htdocs\\\\Montique\\\\wp-content\\\\themes\\\\twentyseventeen\\\\assets\\\\images\\\\sandwich.jpg): failed to open stream: No such file or directory","File":"C:\\xampp\\htdocs\\Montique\\wp-content\\plugins\\all-in-one-wp-migration\\lib\\vendor\\servmask\\archiver\\class-ai1wm-compressor.php","Line":68}

Nov 23 2018 20:31:56
{"Number":2,"Message":"fopen(C:\\\\xampp\\\\htdocs\\\\Montique\\\\wp-content\\\\themes\\\\twentyseventeen\\\\assets\\\\images\\\\svg-icons.svg): failed to open stream: No such file or directory","File":"C:\\xampp\\htdocs\\Montique\\wp-content\\plugins\\all-in-one-wp-migration\\lib\\vendor\\servmask\\archiver\\class-ai1wm-compressor.php","Line":68}

Nov 23 2018 20:31:56
{"Number":2,"Message":"fopen(C:\\\\xampp\\\\htdocs\\\\Montique\\\\wp-content\\\\themes\\\\twentyseventeen\\\\assets\\\\js\\\\customize-controls.js): failed to open stream: No such file or directory","File":"C:\\xampp\\htdocs\\Montique\\wp-content\\plugins\\all-in-one-wp-migration\\lib\\vendor\\servmask\\archiver\\class-ai1wm-compressor.php","Line":68}

Nov 23 2018 20:31:56
{"Number":2,"Message":"fopen(C:\\\\xampp\\\\htdocs\\\\Montique\\\\wp-content\\\\themes\\\\twentyseventeen\\\\assets\\\\js\\\\customize-preview.js): failed to open stream: No such file or directory","File":"C:\\xampp\\htdocs\\Montique\\wp-content\\plugins\\all-in-one-wp-migration\\lib\\vendor\\servmask\\archiver\\class-ai1wm-compressor.php","Line":68}

Nov 23 2018 20:31:56
{"Number":2,"Message":"fopen(C:\\\\xampp\\\\htdocs\\\\Montique\\\\wp-content\\\\themes\\\\twentyseventeen\\\\assets\\\\js\\\\global.js): failed to open stream: No such file or directory","File":"C:\\xampp\\htdocs\\Montique\\wp-content\\plugins\\all-in-one-wp-migration\\lib\\vendor\\servmask\\archiver\\class-ai1wm-compressor.php","Line":68}

Nov 23 2018 20:31:56
{"Number":2,"Message":"fopen(C:\\\\xampp\\\\htdocs\\\\Montique\\\\wp-content\\\\themes\\\\twentyseventeen\\\\assets\\\\js\\\\html5.js): failed to open stream: No such file or directory","File":"C:\\xampp\\htdocs\\Montique\\wp-content\\plugins\\all-in-one-wp-migration\\lib\\vendor\\servmask\\archiver\\class-ai1wm-compressor.php","Line":68}

Nov 23 2018 20:31:56
{"Number":2,"Message":"fopen(C:\\\\xampp\\\\htdocs\\\\Montique\\\\wp-content\\\\themes\\\\twentyseventeen\\\\assets\\\\js\\\\jquery.scrollTo.js): failed to open stream: No such file or directory","File":"C:\\xampp\\htdocs\\Montique\\wp-content\\plugins\\all-in-one-wp-migration\\lib\\vendor\\servmask\\archiver\\class-ai1wm-compressor.php","Line":68}

Nov 23 2018 20:31:56
{"Number":2,"Message":"fopen(C:\\\\xampp\\\\htdocs\\\\Montique\\\\wp-content\\\\themes\\\\twentyseventeen\\\\assets\\\\js\\\\navigation.js): failed to open stream: No such file or directory","File":"C:\\xampp\\htdocs\\Montique\\wp-content\\plugins\\all-in-one-wp-migration\\lib\\vendor\\servmask\\archiver\\class-ai1wm-compressor.php","Line":68}

Nov 23 2018 20:31:56
{"Number":2,"Message":"fopen(C:\\\\xampp\\\\htdocs\\\\Montique\\\\wp-content\\\\themes\\\\twentyseventeen\\\\assets\\\\js\\\\skip-link-focus-fix.js): failed to open stream: No such file or directory","File":"C:\\xampp\\htdocs\\Montique\\wp-content\\plugins\\all-in-one-wp-migration\\lib\\vendor\\servmask\\archiver\\class-ai1wm-compressor.php","Line":68}

Nov 23 2018 20:31:56
{"Number":2,"Message":"fopen(C:\\\\xampp\\\\htdocs\\\\Montique\\\\wp-content\\\\themes\\\\twentyseventeen\\\\comments.php): failed to open stream: No such file or directory","File":"C:\\xampp\\htdocs\\Montique\\wp-content\\plugins\\all-in-one-wp-migration\\lib\\vendor\\servmask\\archiver\\class-ai1wm-compressor.php","Line":68}

Nov 23 2018 20:31:56
{"Number":2,"Message":"fopen(C:\\\\xampp\\\\htdocs\\\\Montique\\\\wp-content\\\\themes\\\\twentyseventeen\\\\footer.php): failed to open stream: No such file or directory","File":"C:\\xampp\\htdocs\\Montique\\wp-content\\plugins\\all-in-one-wp-migration\\lib\\vendor\\servmask\\archiver\\class-ai1wm-compressor.php","Line":68}

Nov 23 2018 20:31:56
{"Number":2,"Message":"fopen(C:\\\\xampp\\\\htdocs\\\\Montique\\\\wp-content\\\\themes\\\\twentyseventeen\\\\front-page.php): failed to open stream: No such file or directory","File":"C:\\xampp\\htdocs\\Montique\\wp-content\\plugins\\all-in-one-wp-migration\\lib\\vendor\\servmask\\archiver\\class-ai1wm-compressor.php","Line":68}

Nov 23 2018 20:31:56
{"Number":2,"Message":"fopen(C:\\\\xampp\\\\htdocs\\\\Montique\\\\wp-content\\\\themes\\\\twentyseventeen\\\\functions.php): failed to open stream: No such file or directory","File":"C:\\xampp\\htdocs\\Montique\\wp-content\\plugins\\all-in-one-wp-migration\\lib\\vendor\\servmask\\archiver\\class-ai1wm-compressor.php","Line":68}

Nov 23 2018 20:31:56
{"Number":2,"Message":"fopen(C:\\\\xampp\\\\htdocs\\\\Montique\\\\wp-content\\\\themes\\\\twentyseventeen\\\\header.php): failed to open stream: No such file or directory","File":"C:\\xampp\\htdocs\\Montique\\wp-content\\plugins\\all-in-one-wp-migration\\lib\\vendor\\servmask\\archiver\\class-ai1wm-compressor.php","Line":68}

Nov 23 2018 20:31:56
{"Number":2,"Message":"fopen(C:\\\\xampp\\\\htdocs\\\\Montique\\\\wp-content\\\\themes\\\\twentyseventeen\\\\inc\\\\back-compat.php): failed to open stream: No such file or directory","File":"C:\\xampp\\htdocs\\Montique\\wp-content\\plugins\\all-in-one-wp-migration\\lib\\vendor\\servmask\\archiver\\class-ai1wm-compressor.php","Line":68}

Nov 23 2018 20:31:56
{"Number":2,"Message":"fopen(C:\\\\xampp\\\\htdocs\\\\Montique\\\\wp-content\\\\themes\\\\twentyseventeen\\\\inc\\\\color-patterns.php): failed to open stream: No such file or directory","File":"C:\\xampp\\htdocs\\Montique\\wp-content\\plugins\\all-in-one-wp-migration\\lib\\vendor\\servmask\\archiver\\class-ai1wm-compressor.php","Line":68}

Nov 23 2018 20:31:56
{"Number":2,"Message":"fopen(C:\\\\xampp\\\\htdocs\\\\Montique\\\\wp-content\\\\themes\\\\twentyseventeen\\\\inc\\\\custom-header.php): failed to open stream: No such file or directory","File":"C:\\xampp\\htdocs\\Montique\\wp-content\\plugins\\all-in-one-wp-migration\\lib\\vendor\\servmask\\archiver\\class-ai1wm-compressor.php","Line":68}

Nov 23 2018 20:31:56
{"Number":2,"Message":"fopen(C:\\\\xampp\\\\htdocs\\\\Montique\\\\wp-content\\\\themes\\\\twentyseventeen\\\\inc\\\\customizer.php): failed to open stream: No such file or directory","File":"C:\\xampp\\htdocs\\Montique\\wp-content\\plugins\\all-in-one-wp-migration\\lib\\vendor\\servmask\\archiver\\class-ai1wm-compressor.php","Line":68}

Nov 23 2018 20:31:56
{"Number":2,"Message":"fopen(C:\\\\xampp\\\\htdocs\\\\Montique\\\\wp-content\\\\themes\\\\twentyseventeen\\\\inc\\\\icon-functions.php): failed to open stream: No such file or directory","File":"C:\\xampp\\htdocs\\Montique\\wp-content\\plugins\\all-in-one-wp-migration\\lib\\vendor\\servmask\\archiver\\class-ai1wm-compressor.php","Line":68}

Nov 23 2018 20:31:56
{"Number":2,"Message":"fopen(C:\\\\xampp\\\\htdocs\\\\Montique\\\\wp-content\\\\themes\\\\twentyseventeen\\\\inc\\\\template-functions.php): failed to open stream: No such file or directory","File":"C:\\xampp\\htdocs\\Montique\\wp-content\\plugins\\all-in-one-wp-migration\\lib\\vendor\\servmask\\archiver\\class-ai1wm-compressor.php","Line":68}

Nov 23 2018 20:31:56
{"Number":2,"Message":"fopen(C:\\\\xampp\\\\htdocs\\\\Montique\\\\wp-content\\\\themes\\\\twentyseventeen\\\\inc\\\\template-tags.php): failed to open stream: No such file or directory","File":"C:\\xampp\\htdocs\\Montique\\wp-content\\plugins\\all-in-one-wp-migration\\lib\\vendor\\servmask\\archiver\\class-ai1wm-compressor.php","Line":68}

Nov 23 2018 20:31:56
{"Number":2,"Message":"fopen(C:\\\\xampp\\\\htdocs\\\\Montique\\\\wp-content\\\\themes\\\\twentyseventeen\\\\index.php): failed to open stream: No such file or directory","File":"C:\\xampp\\htdocs\\Montique\\wp-content\\plugins\\all-in-one-wp-migration\\lib\\vendor\\servmask\\archiver\\class-ai1wm-compressor.php","Line":68}

Nov 23 2018 20:31:56
{"Number":2,"Message":"fopen(C:\\\\xampp\\\\htdocs\\\\Montique\\\\wp-content\\\\themes\\\\twentyseventeen\\\\page.php): failed to open stream: No such file or directory","File":"C:\\xampp\\htdocs\\Montique\\wp-content\\plugins\\all-in-one-wp-migration\\lib\\vendor\\servmask\\archiver\\class-ai1wm-compressor.php","Line":68}

Nov 23 2018 20:31:56
{"Number":2,"Message":"fopen(C:\\\\xampp\\\\htdocs\\\\Montique\\\\wp-content\\\\themes\\\\twentyseventeen\\\\README.txt): failed to open stream: No such file or directory","File":"C:\\xampp\\htdocs\\Montique\\wp-content\\plugins\\all-in-one-wp-migration\\lib\\vendor\\servmask\\archiver\\class-ai1wm-compressor.php","Line":68}

Nov 23 2018 20:31:56
{"Number":2,"Message":"fopen(C:\\\\xampp\\\\htdocs\\\\Montique\\\\wp-content\\\\themes\\\\twentyseventeen\\\\rtl.css): failed to open stream: No such file or directory","File":"C:\\xampp\\htdocs\\Montique\\wp-content\\plugins\\all-in-one-wp-migration\\lib\\vendor\\servmask\\archiver\\class-ai1wm-compressor.php","Line":68}

Nov 23 2018 20:31:56
{"Number":2,"Message":"fopen(C:\\\\xampp\\\\htdocs\\\\Montique\\\\wp-content\\\\themes\\\\twentyseventeen\\\\screenshot.png): failed to open stream: No such file or directory","File":"C:\\xampp\\htdocs\\Montique\\wp-content\\plugins\\all-in-one-wp-migration\\lib\\vendor\\servmask\\archiver\\class-ai1wm-compressor.php","Line":68}

Nov 23 2018 20:31:56
{"Number":2,"Message":"fopen(C:\\\\xampp\\\\htdocs\\\\Montique\\\\wp-content\\\\themes\\\\twentyseventeen\\\\search.php): failed to open stream: No such file or directory","File":"C:\\xampp\\htdocs\\Montique\\wp-content\\plugins\\all-in-one-wp-migration\\lib\\vendor\\servmask\\archiver\\class-ai1wm-compressor.php","Line":68}

Nov 23 2018 20:31:56
{"Number":2,"Message":"fopen(C:\\\\xampp\\\\htdocs\\\\Montique\\\\wp-content\\\\themes\\\\twentyseventeen\\\\searchform.php): failed to open stream: No such file or directory","File":"C:\\xampp\\htdocs\\Montique\\wp-content\\plugins\\all-in-one-wp-migration\\lib\\vendor\\servmask\\archiver\\class-ai1wm-compressor.php","Line":68}

Nov 23 2018 20:31:56
{"Number":2,"Message":"fopen(C:\\\\xampp\\\\htdocs\\\\Montique\\\\wp-content\\\\themes\\\\twentyseventeen\\\\sidebar.php): failed to open stream: No such file or directory","File":"C:\\xampp\\htdocs\\Montique\\wp-content\\plugins\\all-in-one-wp-migration\\lib\\vendor\\servmask\\archiver\\class-ai1wm-compressor.php","Line":68}

Nov 23 2018 20:31:56
{"Number":2,"Message":"fopen(C:\\\\xampp\\\\htdocs\\\\Montique\\\\wp-content\\\\themes\\\\twentyseventeen\\\\single.php): failed to open stream: No such file or directory","File":"C:\\xampp\\htdocs\\Montique\\wp-content\\plugins\\all-in-one-wp-migration\\lib\\vendor\\servmask\\archiver\\class-ai1wm-compressor.php","Line":68}

Nov 23 2018 20:31:56
{"Number":2,"Message":"fopen(C:\\\\xampp\\\\htdocs\\\\Montique\\\\wp-content\\\\themes\\\\twentyseventeen\\\\style.css): failed to open stream: No such file or directory","File":"C:\\xampp\\htdocs\\Montique\\wp-content\\plugins\\all-in-one-wp-migration\\lib\\vendor\\servmask\\archiver\\class-ai1wm-compressor.php","Line":68}

Nov 23 2018 20:31:56
{"Number":2,"Message":"fopen(C:\\\\xampp\\\\htdocs\\\\Montique\\\\wp-content\\\\themes\\\\twentyseventeen\\\\template-parts\\\\footer\\\\footer-widgets.php): failed to open stream: No such file or directory","File":"C:\\xampp\\htdocs\\Montique\\wp-content\\plugins\\all-in-one-wp-migration\\lib\\vendor\\servmask\\archiver\\class-ai1wm-compressor.php","Line":68}

Nov 23 2018 20:31:56
{"Number":2,"Message":"fopen(C:\\\\xampp\\\\htdocs\\\\Montique\\\\wp-content\\\\themes\\\\twentyseventeen\\\\template-parts\\\\footer\\\\site-info.php): failed to open stream: No such file or directory","File":"C:\\xampp\\htdocs\\Montique\\wp-content\\plugins\\all-in-one-wp-migration\\lib\\vendor\\servmask\\archiver\\class-ai1wm-compressor.php","Line":68}

Nov 23 2018 20:31:56
{"Number":2,"Message":"fopen(C:\\\\xampp\\\\htdocs\\\\Montique\\\\wp-content\\\\themes\\\\twentyseventeen\\\\template-parts\\\\header\\\\header-image.php): failed to open stream: No such file or directory","File":"C:\\xampp\\htdocs\\Montique\\wp-content\\plugins\\all-in-one-wp-migration\\lib\\vendor\\servmask\\archiver\\class-ai1wm-compressor.php","Line":68}

Nov 23 2018 20:31:56
{"Number":2,"Message":"fopen(C:\\\\xampp\\\\htdocs\\\\Montique\\\\wp-content\\\\themes\\\\twentyseventeen\\\\template-parts\\\\header\\\\site-branding.php): failed to open stream: No such file or directory","File":"C:\\xampp\\htdocs\\Montique\\wp-content\\plugins\\all-in-one-wp-migration\\lib\\vendor\\servmask\\archiver\\class-ai1wm-compressor.php","Line":68}

Nov 23 2018 20:31:56
{"Number":2,"Message":"fopen(C:\\\\xampp\\\\htdocs\\\\Montique\\\\wp-content\\\\themes\\\\twentyseventeen\\\\template-parts\\\\navigation\\\\navigation-top.php): failed to open stream: No such file or directory","File":"C:\\xampp\\htdocs\\Montique\\wp-content\\plugins\\all-in-one-wp-migration\\lib\\vendor\\servmask\\archiver\\class-ai1wm-compressor.php","Line":68}

Nov 23 2018 20:31:56
{"Number":2,"Message":"fopen(C:\\\\xampp\\\\htdocs\\\\Montique\\\\wp-content\\\\themes\\\\twentyseventeen\\\\template-parts\\\\page\\\\content-front-page-panels.php): failed to open stream: No such file or directory","File":"C:\\xampp\\htdocs\\Montique\\wp-content\\plugins\\all-in-one-wp-migration\\lib\\vendor\\servmask\\archiver\\class-ai1wm-compressor.php","Line":68}

Nov 23 2018 20:31:56
{"Number":2,"Message":"fopen(C:\\\\xampp\\\\htdocs\\\\Montique\\\\wp-content\\\\themes\\\\twentyseventeen\\\\template-parts\\\\page\\\\content-front-page.php): failed to open stream: No such file or directory","File":"C:\\xampp\\htdocs\\Montique\\wp-content\\plugins\\all-in-one-wp-migration\\lib\\vendor\\servmask\\archiver\\class-ai1wm-compressor.php","Line":68}

Nov 23 2018 20:31:56
{"Number":2,"Message":"fopen(C:\\\\xampp\\\\htdocs\\\\Montique\\\\wp-content\\\\themes\\\\twentyseventeen\\\\template-parts\\\\page\\\\content-page.php): failed to open stream: No such file or directory","File":"C:\\xampp\\htdocs\\Montique\\wp-content\\plugins\\all-in-one-wp-migration\\lib\\vendor\\servmask\\archiver\\class-ai1wm-compressor.php","Line":68}

Nov 23 2018 20:31:56
{"Number":2,"Message":"fopen(C:\\\\xampp\\\\htdocs\\\\Montique\\\\wp-content\\\\themes\\\\twentyseventeen\\\\template-parts\\\\post\\\\content-audio.php): failed to open stream: No such file or directory","File":"C:\\xampp\\htdocs\\Montique\\wp-content\\plugins\\all-in-one-wp-migration\\lib\\vendor\\servmask\\archiver\\class-ai1wm-compressor.php","Line":68}

Nov 23 2018 20:31:56
{"Number":2,"Message":"fopen(C:\\\\xampp\\\\htdocs\\\\Montique\\\\wp-content\\\\themes\\\\twentyseventeen\\\\template-parts\\\\post\\\\content-excerpt.php): failed to open stream: No such file or directory","File":"C:\\xampp\\htdocs\\Montique\\wp-content\\plugins\\all-in-one-wp-migration\\lib\\vendor\\servmask\\archiver\\class-ai1wm-compressor.php","Line":68}

Nov 23 2018 20:31:56
{"Number":2,"Message":"fopen(C:\\\\xampp\\\\htdocs\\\\Montique\\\\wp-content\\\\themes\\\\twentyseventeen\\\\template-parts\\\\post\\\\content-gallery.php): failed to open stream: No such file or directory","File":"C:\\xampp\\htdocs\\Montique\\wp-content\\plugins\\all-in-one-wp-migration\\lib\\vendor\\servmask\\archiver\\class-ai1wm-compressor.php","Line":68}

Nov 23 2018 20:31:56
{"Number":2,"Message":"fopen(C:\\\\xampp\\\\htdocs\\\\Montique\\\\wp-content\\\\themes\\\\twentyseventeen\\\\template-parts\\\\post\\\\content-image.php): failed to open stream: No such file or directory","File":"C:\\xampp\\htdocs\\Montique\\wp-content\\plugins\\all-in-one-wp-migration\\lib\\vendor\\servmask\\archiver\\class-ai1wm-compressor.php","Line":68}

Nov 23 2018 20:31:56
{"Number":2,"Message":"fopen(C:\\\\xampp\\\\htdocs\\\\Montique\\\\wp-content\\\\themes\\\\twentyseventeen\\\\template-parts\\\\post\\\\content-none.php): failed to open stream: No such file or directory","File":"C:\\xampp\\htdocs\\Montique\\wp-content\\plugins\\all-in-one-wp-migration\\lib\\vendor\\servmask\\archiver\\class-ai1wm-compressor.php","Line":68}

Nov 23 2018 20:31:56
{"Number":2,"Message":"fopen(C:\\\\xampp\\\\htdocs\\\\Montique\\\\wp-content\\\\themes\\\\twentyseventeen\\\\template-parts\\\\post\\\\content-video.php): failed to open stream: No such file or directory","File":"C:\\xampp\\htdocs\\Montique\\wp-content\\plugins\\all-in-one-wp-migration\\lib\\vendor\\servmask\\archiver\\class-ai1wm-compressor.php","Line":68}

Nov 23 2018 20:31:56
{"Number":2,"Message":"fopen(C:\\\\xampp\\\\htdocs\\\\Montique\\\\wp-content\\\\themes\\\\twentyseventeen\\\\template-parts\\\\post\\\\content.php): failed to open stream: No such file or directory","File":"C:\\xampp\\htdocs\\Montique\\wp-content\\plugins\\all-in-one-wp-migration\\lib\\vendor\\servmask\\archiver\\class-ai1wm-compressor.php","Line":68}

Nov 23 2018 20:31:56
{"Number":2,"Message":"fopen(C:\\\\xampp\\\\htdocs\\\\Montique\\\\wp-content\\\\themes\\\\twentysixteen\\\\404.php): failed to open stream: No such file or directory","File":"C:\\xampp\\htdocs\\Montique\\wp-content\\plugins\\all-in-one-wp-migration\\lib\\vendor\\servmask\\archiver\\class-ai1wm-compressor.php","Line":68}

Nov 23 2018 20:31:56
{"Number":2,"Message":"fopen(C:\\\\xampp\\\\htdocs\\\\Montique\\\\wp-content\\\\themes\\\\twentysixteen\\\\archive.php): failed to open stream: No such file or directory","File":"C:\\xampp\\htdocs\\Montique\\wp-content\\plugins\\all-in-one-wp-migration\\lib\\vendor\\servmask\\archiver\\class-ai1wm-compressor.php","Line":68}

Nov 23 2018 20:31:56
{"Number":2,"Message":"fopen(C:\\\\xampp\\\\htdocs\\\\Montique\\\\wp-content\\\\themes\\\\twentysixteen\\\\comments.php): failed to open stream: No such file or directory","File":"C:\\xampp\\htdocs\\Montique\\wp-content\\plugins\\all-in-one-wp-migration\\lib\\vendor\\servmask\\archiver\\class-ai1wm-compressor.php","Line":68}

Nov 23 2018 20:31:56
{"Number":2,"Message":"fopen(C:\\\\xampp\\\\htdocs\\\\Montique\\\\wp-content\\\\themes\\\\twentysixteen\\\\css\\\\editor-style.css): failed to open stream: No such file or directory","File":"C:\\xampp\\htdocs\\Montique\\wp-content\\plugins\\all-in-one-wp-migration\\lib\\vendor\\servmask\\archiver\\class-ai1wm-compressor.php","Line":68}

Nov 23 2018 20:31:56
{"Number":2,"Message":"fopen(C:\\\\xampp\\\\htdocs\\\\Montique\\\\wp-content\\\\themes\\\\twentysixteen\\\\css\\\\ie.css): failed to open stream: No such file or directory","File":"C:\\xampp\\htdocs\\Montique\\wp-content\\plugins\\all-in-one-wp-migration\\lib\\vendor\\servmask\\archiver\\class-ai1wm-compressor.php","Line":68}

Nov 23 2018 20:31:56
{"Number":2,"Message":"fopen(C:\\\\xampp\\\\htdocs\\\\Montique\\\\wp-content\\\\themes\\\\twentysixteen\\\\css\\\\ie7.css): failed to open stream: No such file or directory","File":"C:\\xampp\\htdocs\\Montique\\wp-content\\plugins\\all-in-one-wp-migration\\lib\\vendor\\servmask\\archiver\\class-ai1wm-compressor.php","Line":68}

Nov 23 2018 20:31:56
{"Number":2,"Message":"fopen(C:\\\\xampp\\\\htdocs\\\\Montique\\\\wp-content\\\\themes\\\\twentysixteen\\\\css\\\\ie8.css): failed to open stream: No such file or directory","File":"C:\\xampp\\htdocs\\Montique\\wp-content\\plugins\\all-in-one-wp-migration\\lib\\vendor\\servmask\\archiver\\class-ai1wm-compressor.php","Line":68}

Nov 23 2018 20:31:56
{"Number":2,"Message":"fopen(C:\\\\xampp\\\\htdocs\\\\Montique\\\\wp-content\\\\themes\\\\twentysixteen\\\\footer.php): failed to open stream: No such file or directory","File":"C:\\xampp\\htdocs\\Montique\\wp-content\\plugins\\all-in-one-wp-migration\\lib\\vendor\\servmask\\archiver\\class-ai1wm-compressor.php","Line":68}

Nov 23 2018 20:31:56
{"Number":2,"Message":"fopen(C:\\\\xampp\\\\htdocs\\\\Montique\\\\wp-content\\\\themes\\\\twentysixteen\\\\functions.php): failed to open stream: No such file or directory","File":"C:\\xampp\\htdocs\\Montique\\wp-content\\plugins\\all-in-one-wp-migration\\lib\\vendor\\servmask\\archiver\\class-ai1wm-compressor.php","Line":68}

Nov 23 2018 20:31:56
{"Number":2,"Message":"fopen(C:\\\\xampp\\\\htdocs\\\\Montique\\\\wp-content\\\\themes\\\\twentysixteen\\\\genericons\\\\COPYING.txt): failed to open stream: No such file or directory","File":"C:\\xampp\\htdocs\\Montique\\wp-content\\plugins\\all-in-one-wp-migration\\lib\\vendor\\servmask\\archiver\\class-ai1wm-compressor.php","Line":68}

Nov 23 2018 20:31:56
{"Number":2,"Message":"fopen(C:\\\\xampp\\\\htdocs\\\\Montique\\\\wp-content\\\\themes\\\\twentysixteen\\\\genericons\\\\genericons.css): failed to open stream: No such file or directory","File":"C:\\xampp\\htdocs\\Montique\\wp-content\\plugins\\all-in-one-wp-migration\\lib\\vendor\\servmask\\archiver\\class-ai1wm-compressor.php","Line":68}

Nov 23 2018 20:31:56
{"Number":2,"Message":"fopen(C:\\\\xampp\\\\htdocs\\\\Montique\\\\wp-content\\\\themes\\\\twentysixteen\\\\genericons\\\\Genericons.eot): failed to open stream: No such file or directory","File":"C:\\xampp\\htdocs\\Montique\\wp-content\\plugins\\all-in-one-wp-migration\\lib\\vendor\\servmask\\archiver\\class-ai1wm-compressor.php","Line":68}

Nov 23 2018 20:31:56
{"Number":2,"Message":"fopen(C:\\\\xampp\\\\htdocs\\\\Montique\\\\wp-content\\\\themes\\\\twentysixteen\\\\genericons\\\\Genericons.svg): failed to open stream: No such file or directory","File":"C:\\xampp\\htdocs\\Montique\\wp-content\\plugins\\all-in-one-wp-migration\\lib\\vendor\\servmask\\archiver\\class-ai1wm-compressor.php","Line":68}

Nov 23 2018 20:31:56
{"Number":2,"Message":"fopen(C:\\\\xampp\\\\htdocs\\\\Montique\\\\wp-content\\\\themes\\\\twentysixteen\\\\genericons\\\\Genericons.ttf): failed to open stream: No such file or directory","File":"C:\\xampp\\htdocs\\Montique\\wp-content\\plugins\\all-in-one-wp-migration\\lib\\vendor\\servmask\\archiver\\class-ai1wm-compressor.php","Line":68}

Nov 23 2018 20:31:56
{"Number":2,"Message":"fopen(C:\\\\xampp\\\\htdocs\\\\Montique\\\\wp-content\\\\themes\\\\twentysixteen\\\\genericons\\\\Genericons.woff): failed to open stream: No such file or directory","File":"C:\\xampp\\htdocs\\Montique\\wp-content\\plugins\\all-in-one-wp-migration\\lib\\vendor\\servmask\\archiver\\class-ai1wm-compressor.php","Line":68}

Nov 23 2018 20:31:56
{"Number":2,"Message":"fopen(C:\\\\xampp\\\\htdocs\\\\Montique\\\\wp-content\\\\themes\\\\twentysixteen\\\\genericons\\\\LICENSE.txt): failed to open stream: No such file or directory","File":"C:\\xampp\\htdocs\\Montique\\wp-content\\plugins\\all-in-one-wp-migration\\lib\\vendor\\servmask\\archiver\\class-ai1wm-compressor.php","Line":68}

Nov 23 2018 20:31:56
{"Number":2,"Message":"fopen(C:\\\\xampp\\\\htdocs\\\\Montique\\\\wp-content\\\\themes\\\\twentysixteen\\\\genericons\\\\README.md): failed to open stream: No such file or directory","File":"C:\\xampp\\htdocs\\Montique\\wp-content\\plugins\\all-in-one-wp-migration\\lib\\vendor\\servmask\\archiver\\class-ai1wm-compressor.php","Line":68}

Nov 23 2018 20:31:56
{"Number":2,"Message":"fopen(C:\\\\xampp\\\\htdocs\\\\Montique\\\\wp-content\\\\themes\\\\twentysixteen\\\\header.php): failed to open stream: No such file or directory","File":"C:\\xampp\\htdocs\\Montique\\wp-content\\plugins\\all-in-one-wp-migration\\lib\\vendor\\servmask\\archiver\\class-ai1wm-compressor.php","Line":68}

Nov 23 2018 20:31:56
{"Number":2,"Message":"fopen(C:\\\\xampp\\\\htdocs\\\\Montique\\\\wp-content\\\\themes\\\\twentysixteen\\\\image.php): failed to open stream: No such file or directory","File":"C:\\xampp\\htdocs\\Montique\\wp-content\\plugins\\all-in-one-wp-migration\\lib\\vendor\\servmask\\archiver\\class-ai1wm-compressor.php","Line":68}

Nov 23 2018 20:31:56
{"Number":2,"Message":"fopen(C:\\\\xampp\\\\htdocs\\\\Montique\\\\wp-content\\\\themes\\\\twentysixteen\\\\inc\\\\back-compat.php): failed to open stream: No such file or directory","File":"C:\\xampp\\htdocs\\Montique\\wp-content\\plugins\\all-in-one-wp-migration\\lib\\vendor\\servmask\\archiver\\class-ai1wm-compressor.php","Line":68}

Nov 23 2018 20:31:56
{"Number":2,"Message":"fopen(C:\\\\xampp\\\\htdocs\\\\Montique\\\\wp-content\\\\themes\\\\twentysixteen\\\\inc\\\\customizer.php): failed to open stream: No such file or directory","File":"C:\\xampp\\htdocs\\Montique\\wp-content\\plugins\\all-in-one-wp-migration\\lib\\vendor\\servmask\\archiver\\class-ai1wm-compressor.php","Line":68}

Nov 23 2018 20:31:56
{"Number":2,"Message":"fopen(C:\\\\xampp\\\\htdocs\\\\Montique\\\\wp-content\\\\themes\\\\twentysixteen\\\\inc\\\\template-tags.php): failed to open stream: No such file or directory","File":"C:\\xampp\\htdocs\\Montique\\wp-content\\plugins\\all-in-one-wp-migration\\lib\\vendor\\servmask\\archiver\\class-ai1wm-compressor.php","Line":68}

Nov 23 2018 20:31:56
{"Number":2,"Message":"fopen(C:\\\\xampp\\\\htdocs\\\\Montique\\\\wp-content\\\\themes\\\\twentysixteen\\\\index.php): failed to open stream: No such file or directory","File":"C:\\xampp\\htdocs\\Montique\\wp-content\\plugins\\all-in-one-wp-migration\\lib\\vendor\\servmask\\archiver\\class-ai1wm-compressor.php","Line":68}

Nov 23 2018 20:31:56
{"Number":2,"Message":"fopen(C:\\\\xampp\\\\htdocs\\\\Montique\\\\wp-content\\\\themes\\\\twentysixteen\\\\js\\\\color-scheme-control.js): failed to open stream: No such file or directory","File":"C:\\xampp\\htdocs\\Montique\\wp-content\\plugins\\all-in-one-wp-migration\\lib\\vendor\\servmask\\archiver\\class-ai1wm-compressor.php","Line":68}

Nov 23 2018 20:31:56
{"Number":2,"Message":"fopen(C:\\\\xampp\\\\htdocs\\\\Montique\\\\wp-content\\\\themes\\\\twentysixteen\\\\js\\\\customize-preview.js): failed to open stream: No such file or directory","File":"C:\\xampp\\htdocs\\Montique\\wp-content\\plugins\\all-in-one-wp-migration\\lib\\vendor\\servmask\\archiver\\class-ai1wm-compressor.php","Line":68}

Nov 23 2018 20:31:56
{"Number":2,"Message":"fopen(C:\\\\xampp\\\\htdocs\\\\Montique\\\\wp-content\\\\themes\\\\twentysixteen\\\\js\\\\functions.js): failed to open stream: No such file or directory","File":"C:\\xampp\\htdocs\\Montique\\wp-content\\plugins\\all-in-one-wp-migration\\lib\\vendor\\servmask\\archiver\\class-ai1wm-compressor.php","Line":68}

Nov 23 2018 20:31:56
{"Number":2,"Message":"fopen(C:\\\\xampp\\\\htdocs\\\\Montique\\\\wp-content\\\\themes\\\\twentysixteen\\\\js\\\\html5.js): failed to open stream: No such file or directory","File":"C:\\xampp\\htdocs\\Montique\\wp-content\\plugins\\all-in-one-wp-migration\\lib\\vendor\\servmask\\archiver\\class-ai1wm-compressor.php","Line":68}

Nov 23 2018 20:31:56
{"Number":2,"Message":"fopen(C:\\\\xampp\\\\htdocs\\\\Montique\\\\wp-content\\\\themes\\\\twentysixteen\\\\js\\\\keyboard-image-navigation.js): failed to open stream: No such file or directory","File":"C:\\xampp\\htdocs\\Montique\\wp-content\\plugins\\all-in-one-wp-migration\\lib\\vendor\\servmask\\archiver\\class-ai1wm-compressor.php","Line":68}

Nov 23 2018 20:31:56
{"Number":2,"Message":"fopen(C:\\\\xampp\\\\htdocs\\\\Montique\\\\wp-content\\\\themes\\\\twentysixteen\\\\js\\\\skip-link-focus-fix.js): failed to open stream: No such file or directory","File":"C:\\xampp\\htdocs\\Montique\\wp-content\\plugins\\all-in-one-wp-migration\\lib\\vendor\\servmask\\archiver\\class-ai1wm-compressor.php","Line":68}

Nov 23 2018 20:31:56
{"Number":2,"Message":"fopen(C:\\\\xampp\\\\htdocs\\\\Montique\\\\wp-content\\\\themes\\\\twentysixteen\\\\page.php): failed to open stream: No such file or directory","File":"C:\\xampp\\htdocs\\Montique\\wp-content\\plugins\\all-in-one-wp-migration\\lib\\vendor\\servmask\\archiver\\class-ai1wm-compressor.php","Line":68}

Nov 23 2018 20:31:56
{"Number":2,"Message":"fopen(C:\\\\xampp\\\\htdocs\\\\Montique\\\\wp-content\\\\themes\\\\twentysixteen\\\\readme.txt): failed to open stream: No such file or directory","File":"C:\\xampp\\htdocs\\Montique\\wp-content\\plugins\\all-in-one-wp-migration\\lib\\vendor\\servmask\\archiver\\class-ai1wm-compressor.php","Line":68}

Nov 23 2018 20:31:56
{"Number":2,"Message":"fopen(C:\\\\xampp\\\\htdocs\\\\Montique\\\\wp-content\\\\themes\\\\twentysixteen\\\\rtl.css): failed to open stream: No such file or directory","File":"C:\\xampp\\htdocs\\Montique\\wp-content\\plugins\\all-in-one-wp-migration\\lib\\vendor\\servmask\\archiver\\class-ai1wm-compressor.php","Line":68}

Nov 23 2018 20:31:56
{"Number":2,"Message":"fopen(C:\\\\xampp\\\\htdocs\\\\Montique\\\\wp-content\\\\themes\\\\twentysixteen\\\\screenshot.png): failed to open stream: No such file or directory","File":"C:\\xampp\\htdocs\\Montique\\wp-content\\plugins\\all-in-one-wp-migration\\lib\\vendor\\servmask\\archiver\\class-ai1wm-compressor.php","Line":68}

Nov 23 2018 20:31:56
{"Number":2,"Message":"fopen(C:\\\\xampp\\\\htdocs\\\\Montique\\\\wp-content\\\\themes\\\\twentysixteen\\\\search.php): failed to open stream: No such file or directory","File":"C:\\xampp\\htdocs\\Montique\\wp-content\\plugins\\all-in-one-wp-migration\\lib\\vendor\\servmask\\archiver\\class-ai1wm-compressor.php","Line":68}

Nov 23 2018 20:31:56
{"Number":2,"Message":"fopen(C:\\\\xampp\\\\htdocs\\\\Montique\\\\wp-content\\\\themes\\\\twentysixteen\\\\searchform.php): failed to open stream: No such file or directory","File":"C:\\xampp\\htdocs\\Montique\\wp-content\\plugins\\all-in-one-wp-migration\\lib\\vendor\\servmask\\archiver\\class-ai1wm-compressor.php","Line":68}

Nov 23 2018 20:31:56
{"Number":2,"Message":"fopen(C:\\\\xampp\\\\htdocs\\\\Montique\\\\wp-content\\\\themes\\\\twentysixteen\\\\sidebar-content-bottom.php): failed to open stream: No such file or directory","File":"C:\\xampp\\htdocs\\Montique\\wp-content\\plugins\\all-in-one-wp-migration\\lib\\vendor\\servmask\\archiver\\class-ai1wm-compressor.php","Line":68}

Nov 23 2018 20:31:56
{"Number":2,"Message":"fopen(C:\\\\xampp\\\\htdocs\\\\Montique\\\\wp-content\\\\themes\\\\twentysixteen\\\\sidebar.php): failed to open stream: No such file or directory","File":"C:\\xampp\\htdocs\\Montique\\wp-content\\plugins\\all-in-one-wp-migration\\lib\\vendor\\servmask\\archiver\\class-ai1wm-compressor.php","Line":68}

Nov 23 2018 20:31:56
{"Number":2,"Message":"fopen(C:\\\\xampp\\\\htdocs\\\\Montique\\\\wp-content\\\\themes\\\\twentysixteen\\\\single.php): failed to open stream: No such file or directory","File":"C:\\xampp\\htdocs\\Montique\\wp-content\\plugins\\all-in-one-wp-migration\\lib\\vendor\\servmask\\archiver\\class-ai1wm-compressor.php","Line":68}

Nov 23 2018 20:31:56
{"Number":2,"Message":"fopen(C:\\\\xampp\\\\htdocs\\\\Montique\\\\wp-content\\\\themes\\\\twentysixteen\\\\style.css): failed to open stream: No such file or directory","File":"C:\\xampp\\htdocs\\Montique\\wp-content\\plugins\\all-in-one-wp-migration\\lib\\vendor\\servmask\\archiver\\class-ai1wm-compressor.php","Line":68}

Nov 23 2018 20:31:56
{"Number":2,"Message":"fopen(C:\\\\xampp\\\\htdocs\\\\Montique\\\\wp-content\\\\themes\\\\twentysixteen\\\\template-parts\\\\biography.php): failed to open stream: No such file or directory","File":"C:\\xampp\\htdocs\\Montique\\wp-content\\plugins\\all-in-one-wp-migration\\lib\\vendor\\servmask\\archiver\\class-ai1wm-compressor.php","Line":68}

Nov 23 2018 20:31:56
{"Number":2,"Message":"fopen(C:\\\\xampp\\\\htdocs\\\\Montique\\\\wp-content\\\\themes\\\\twentysixteen\\\\template-parts\\\\content-none.php): failed to open stream: No such file or directory","File":"C:\\xampp\\htdocs\\Montique\\wp-content\\plugins\\all-in-one-wp-migration\\lib\\vendor\\servmask\\archiver\\class-ai1wm-compressor.php","Line":68}

Nov 23 2018 20:31:56
{"Number":2,"Message":"fopen(C:\\\\xampp\\\\htdocs\\\\Montique\\\\wp-content\\\\themes\\\\twentysixteen\\\\template-parts\\\\content-page.php): failed to open stream: No such file or directory","File":"C:\\xampp\\htdocs\\Montique\\wp-content\\plugins\\all-in-one-wp-migration\\lib\\vendor\\servmask\\archiver\\class-ai1wm-compressor.php","Line":68}

Nov 23 2018 20:31:56
{"Number":2,"Message":"fopen(C:\\\\xampp\\\\htdocs\\\\Montique\\\\wp-content\\\\themes\\\\twentysixteen\\\\template-parts\\\\content-search.php): failed to open stream: No such file or directory","File":"C:\\xampp\\htdocs\\Montique\\wp-content\\plugins\\all-in-one-wp-migration\\lib\\vendor\\servmask\\archiver\\class-ai1wm-compressor.php","Line":68}

Nov 23 2018 20:31:56
{"Number":2,"Message":"fopen(C:\\\\xampp\\\\htdocs\\\\Montique\\\\wp-content\\\\themes\\\\twentysixteen\\\\template-parts\\\\content-single.php): failed to open stream: No such file or directory","File":"C:\\xampp\\htdocs\\Montique\\wp-content\\plugins\\all-in-one-wp-migration\\lib\\vendor\\servmask\\archiver\\class-ai1wm-compressor.php","Line":68}

Nov 23 2018 20:31:56
{"Number":2,"Message":"fopen(C:\\\\xampp\\\\htdocs\\\\Montique\\\\wp-content\\\\themes\\\\twentysixteen\\\\template-parts\\\\content.php): failed to open stream: No such file or directory","File":"C:\\xampp\\htdocs\\Montique\\wp-content\\plugins\\all-in-one-wp-migration\\lib\\vendor\\servmask\\archiver\\class-ai1wm-compressor.php","Line":68}

Jan 11 2019 17:30:29
{"Number":8,"Message":"unserialize(): Error at offset 1769 of 1769 bytes","File":"C:\\xampp\\htdocs\\makakaontherun\\wp-content\\plugins\\all-in-one-wp-migration\\lib\\vendor\\servmask\\database\\class-ai1wm-database-utility.php","Line":60}

Jan 11 2019 17:48:29
{"Number":2,"Message":"fopen(C:\\\\xampp\\\\htdocs\\\\makakaontherun\\\\wp-content\\\\themes\\\\twentysixteen\\\\genericons\\\\Genericons.svg): failed to open stream: No such file or directory","File":"C:\\xampp\\htdocs\\makakaontherun\\wp-content\\plugins\\all-in-one-wp-migration\\lib\\vendor\\servmask\\archiver\\class-ai1wm-compressor.php","Line":68}

Jan 11 2019 17:48:29
{"Number":2,"Message":"fopen(C:\\\\xampp\\\\htdocs\\\\makakaontherun\\\\wp-content\\\\themes\\\\twentysixteen\\\\genericons\\\\Genericons.ttf): failed to open stream: No such file or directory","File":"C:\\xampp\\htdocs\\makakaontherun\\wp-content\\plugins\\all-in-one-wp-migration\\lib\\vendor\\servmask\\archiver\\class-ai1wm-compressor.php","Line":68}

Jan 11 2019 17:48:29
{"Number":2,"Message":"fopen(C:\\\\xampp\\\\htdocs\\\\makakaontherun\\\\wp-content\\\\themes\\\\twentysixteen\\\\genericons\\\\Genericons.woff): failed to open stream: No such file or directory","File":"C:\\xampp\\htdocs\\makakaontherun\\wp-content\\plugins\\all-in-one-wp-migration\\lib\\vendor\\servmask\\archiver\\class-ai1wm-compressor.php","Line":68}

Jan 11 2019 17:48:29
{"Number":2,"Message":"fopen(C:\\\\xampp\\\\htdocs\\\\makakaontherun\\\\wp-content\\\\themes\\\\twentysixteen\\\\genericons\\\\LICENSE.txt): failed to open stream: No such file or directory","File":"C:\\xampp\\htdocs\\makakaontherun\\wp-content\\plugins\\all-in-one-wp-migration\\lib\\vendor\\servmask\\archiver\\class-ai1wm-compressor.php","Line":68}

Jan 11 2019 17:48:29
{"Number":2,"Message":"fopen(C:\\\\xampp\\\\htdocs\\\\makakaontherun\\\\wp-content\\\\themes\\\\twentysixteen\\\\genericons\\\\README.md): failed to open stream: No such file or directory","File":"C:\\xampp\\htdocs\\makakaontherun\\wp-content\\plugins\\all-in-one-wp-migration\\lib\\vendor\\servmask\\archiver\\class-ai1wm-compressor.php","Line":68}

Jan 11 2019 17:48:29
{"Number":2,"Message":"fopen(C:\\\\xampp\\\\htdocs\\\\makakaontherun\\\\wp-content\\\\themes\\\\twentysixteen\\\\header.php): failed to open stream: No such file or directory","File":"C:\\xampp\\htdocs\\makakaontherun\\wp-content\\plugins\\all-in-one-wp-migration\\lib\\vendor\\servmask\\archiver\\class-ai1wm-compressor.php","Line":68}

Jan 11 2019 17:48:29
{"Number":2,"Message":"fopen(C:\\\\xampp\\\\htdocs\\\\makakaontherun\\\\wp-content\\\\themes\\\\twentysixteen\\\\image.php): failed to open stream: No such file or directory","File":"C:\\xampp\\htdocs\\makakaontherun\\wp-content\\plugins\\all-in-one-wp-migration\\lib\\vendor\\servmask\\archiver\\class-ai1wm-compressor.php","Line":68}

Jan 11 2019 17:48:29
{"Number":2,"Message":"fopen(C:\\\\xampp\\\\htdocs\\\\makakaontherun\\\\wp-content\\\\themes\\\\twentysixteen\\\\inc\\\\back-compat.php): failed to open stream: No such file or directory","File":"C:\\xampp\\htdocs\\makakaontherun\\wp-content\\plugins\\all-in-one-wp-migration\\lib\\vendor\\servmask\\archiver\\class-ai1wm-compressor.php","Line":68}

Jan 11 2019 17:48:29
{"Number":2,"Message":"fopen(C:\\\\xampp\\\\htdocs\\\\makakaontherun\\\\wp-content\\\\themes\\\\twentysixteen\\\\inc\\\\customizer.php): failed to open stream: No such file or directory","File":"C:\\xampp\\htdocs\\makakaontherun\\wp-content\\plugins\\all-in-one-wp-migration\\lib\\vendor\\servmask\\archiver\\class-ai1wm-compressor.php","Line":68}

Jan 11 2019 17:48:29
{"Number":2,"Message":"fopen(C:\\\\xampp\\\\htdocs\\\\makakaontherun\\\\wp-content\\\\themes\\\\twentysixteen\\\\inc\\\\template-tags.php): failed to open stream: No such file or directory","File":"C:\\xampp\\htdocs\\makakaontherun\\wp-content\\plugins\\all-in-one-wp-migration\\lib\\vendor\\servmask\\archiver\\class-ai1wm-compressor.php","Line":68}

Jan 11 2019 17:48:29
{"Number":2,"Message":"fopen(C:\\\\xampp\\\\htdocs\\\\makakaontherun\\\\wp-content\\\\themes\\\\twentysixteen\\\\index.php): failed to open stream: No such file or directory","File":"C:\\xampp\\htdocs\\makakaontherun\\wp-content\\plugins\\all-in-one-wp-migration\\lib\\vendor\\servmask\\archiver\\class-ai1wm-compressor.php","Line":68}

Jan 11 2019 17:48:29
{"Number":2,"Message":"fopen(C:\\\\xampp\\\\htdocs\\\\makakaontherun\\\\wp-content\\\\themes\\\\twentysixteen\\\\js\\\\color-scheme-control.js): failed to open stream: No such file or directory","File":"C:\\xampp\\htdocs\\makakaontherun\\wp-content\\plugins\\all-in-one-wp-migration\\lib\\vendor\\servmask\\archiver\\class-ai1wm-compressor.php","Line":68}

Jan 11 2019 17:48:29
{"Number":2,"Message":"fopen(C:\\\\xampp\\\\htdocs\\\\makakaontherun\\\\wp-content\\\\themes\\\\twentysixteen\\\\js\\\\customize-preview.js): failed to open stream: No such file or directory","File":"C:\\xampp\\htdocs\\makakaontherun\\wp-content\\plugins\\all-in-one-wp-migration\\lib\\vendor\\servmask\\archiver\\class-ai1wm-compressor.php","Line":68}

Jan 11 2019 17:48:29
{"Number":2,"Message":"fopen(C:\\\\xampp\\\\htdocs\\\\makakaontherun\\\\wp-content\\\\themes\\\\twentysixteen\\\\js\\\\functions.js): failed to open stream: No such file or directory","File":"C:\\xampp\\htdocs\\makakaontherun\\wp-content\\plugins\\all-in-one-wp-migration\\lib\\vendor\\servmask\\archiver\\class-ai1wm-compressor.php","Line":68}

Jan 11 2019 17:48:29
{"Number":2,"Message":"fopen(C:\\\\xampp\\\\htdocs\\\\makakaontherun\\\\wp-content\\\\themes\\\\twentysixteen\\\\js\\\\html5.js): failed to open stream: No such file or directory","File":"C:\\xampp\\htdocs\\makakaontherun\\wp-content\\plugins\\all-in-one-wp-migration\\lib\\vendor\\servmask\\archiver\\class-ai1wm-compressor.php","Line":68}

Jan 11 2019 17:48:29
{"Number":2,"Message":"fopen(C:\\\\xampp\\\\htdocs\\\\makakaontherun\\\\wp-content\\\\themes\\\\twentysixteen\\\\js\\\\keyboard-image-navigation.js): failed to open stream: No such file or directory","File":"C:\\xampp\\htdocs\\makakaontherun\\wp-content\\plugins\\all-in-one-wp-migration\\lib\\vendor\\servmask\\archiver\\class-ai1wm-compressor.php","Line":68}

Jan 11 2019 17:48:29
{"Number":2,"Message":"fopen(C:\\\\xampp\\\\htdocs\\\\makakaontherun\\\\wp-content\\\\themes\\\\twentysixteen\\\\js\\\\skip-link-focus-fix.js): failed to open stream: No such file or directory","File":"C:\\xampp\\htdocs\\makakaontherun\\wp-content\\plugins\\all-in-one-wp-migration\\lib\\vendor\\servmask\\archiver\\class-ai1wm-compressor.php","Line":68}

Jan 11 2019 17:48:29
{"Number":2,"Message":"fopen(C:\\\\xampp\\\\htdocs\\\\makakaontherun\\\\wp-content\\\\themes\\\\twentysixteen\\\\page.php): failed to open stream: No such file or directory","File":"C:\\xampp\\htdocs\\makakaontherun\\wp-content\\plugins\\all-in-one-wp-migration\\lib\\vendor\\servmask\\archiver\\class-ai1wm-compressor.php","Line":68}

Jan 11 2019 17:48:29
{"Number":2,"Message":"fopen(C:\\\\xampp\\\\htdocs\\\\makakaontherun\\\\wp-content\\\\themes\\\\twentysixteen\\\\readme.txt): failed to open stream: No such file or directory","File":"C:\\xampp\\htdocs\\makakaontherun\\wp-content\\plugins\\all-in-one-wp-migration\\lib\\vendor\\servmask\\archiver\\class-ai1wm-compressor.php","Line":68}

Jan 11 2019 17:48:29
{"Number":2,"Message":"fopen(C:\\\\xampp\\\\htdocs\\\\makakaontherun\\\\wp-content\\\\themes\\\\twentysixteen\\\\rtl.css): failed to open stream: No such file or directory","File":"C:\\xampp\\htdocs\\makakaontherun\\wp-content\\plugins\\all-in-one-wp-migration\\lib\\vendor\\servmask\\archiver\\class-ai1wm-compressor.php","Line":68}

Jan 11 2019 17:48:29
{"Number":2,"Message":"fopen(C:\\\\xampp\\\\htdocs\\\\makakaontherun\\\\wp-content\\\\themes\\\\twentysixteen\\\\screenshot.png): failed to open stream: No such file or directory","File":"C:\\xampp\\htdocs\\makakaontherun\\wp-content\\plugins\\all-in-one-wp-migration\\lib\\vendor\\servmask\\archiver\\class-ai1wm-compressor.php","Line":68}

Jan 11 2019 17:48:29
{"Number":2,"Message":"fopen(C:\\\\xampp\\\\htdocs\\\\makakaontherun\\\\wp-content\\\\themes\\\\twentysixteen\\\\search.php): failed to open stream: No such file or directory","File":"C:\\xampp\\htdocs\\makakaontherun\\wp-content\\plugins\\all-in-one-wp-migration\\lib\\vendor\\servmask\\archiver\\class-ai1wm-compressor.php","Line":68}

Jan 11 2019 17:48:29
{"Number":2,"Message":"fopen(C:\\\\xampp\\\\htdocs\\\\makakaontherun\\\\wp-content\\\\themes\\\\twentysixteen\\\\searchform.php): failed to open stream: No such file or directory","File":"C:\\xampp\\htdocs\\makakaontherun\\wp-content\\plugins\\all-in-one-wp-migration\\lib\\vendor\\servmask\\archiver\\class-ai1wm-compressor.php","Line":68}

Jan 11 2019 17:48:29
{"Number":2,"Message":"fopen(C:\\\\xampp\\\\htdocs\\\\makakaontherun\\\\wp-content\\\\themes\\\\twentysixteen\\\\sidebar-content-bottom.php): failed to open stream: No such file or directory","File":"C:\\xampp\\htdocs\\makakaontherun\\wp-content\\plugins\\all-in-one-wp-migration\\lib\\vendor\\servmask\\archiver\\class-ai1wm-compressor.php","Line":68}

Jan 11 2019 17:48:29
{"Number":2,"Message":"fopen(C:\\\\xampp\\\\htdocs\\\\makakaontherun\\\\wp-content\\\\themes\\\\twentysixteen\\\\sidebar.php): failed to open stream: No such file or directory","File":"C:\\xampp\\htdocs\\makakaontherun\\wp-content\\plugins\\all-in-one-wp-migration\\lib\\vendor\\servmask\\archiver\\class-ai1wm-compressor.php","Line":68}

Jan 11 2019 17:48:29
{"Number":2,"Message":"fopen(C:\\\\xampp\\\\htdocs\\\\makakaontherun\\\\wp-content\\\\themes\\\\twentysixteen\\\\single.php): failed to open stream: No such file or directory","File":"C:\\xampp\\htdocs\\makakaontherun\\wp-content\\plugins\\all-in-one-wp-migration\\lib\\vendor\\servmask\\archiver\\class-ai1wm-compressor.php","Line":68}

Jan 11 2019 17:48:29
{"Number":2,"Message":"fopen(C:\\\\xampp\\\\htdocs\\\\makakaontherun\\\\wp-content\\\\themes\\\\twentysixteen\\\\style.css): failed to open stream: No such file or directory","File":"C:\\xampp\\htdocs\\makakaontherun\\wp-content\\plugins\\all-in-one-wp-migration\\lib\\vendor\\servmask\\archiver\\class-ai1wm-compressor.php","Line":68}

Jan 11 2019 17:48:29
{"Number":2,"Message":"fopen(C:\\\\xampp\\\\htdocs\\\\makakaontherun\\\\wp-content\\\\themes\\\\twentysixteen\\\\template-parts\\\\biography.php): failed to open stream: No such file or directory","File":"C:\\xampp\\htdocs\\makakaontherun\\wp-content\\plugins\\all-in-one-wp-migration\\lib\\vendor\\servmask\\archiver\\class-ai1wm-compressor.php","Line":68}

Jan 11 2019 17:48:29
{"Number":2,"Message":"fopen(C:\\\\xampp\\\\htdocs\\\\makakaontherun\\\\wp-content\\\\themes\\\\twentysixteen\\\\template-parts\\\\content-none.php): failed to open stream: No such file or directory","File":"C:\\xampp\\htdocs\\makakaontherun\\wp-content\\plugins\\all-in-one-wp-migration\\lib\\vendor\\servmask\\archiver\\class-ai1wm-compressor.php","Line":68}

Jan 11 2019 17:48:29
{"Number":2,"Message":"fopen(C:\\\\xampp\\\\htdocs\\\\makakaontherun\\\\wp-content\\\\themes\\\\twentysixteen\\\\template-parts\\\\content-page.php): failed to open stream: No such file or directory","File":"C:\\xampp\\htdocs\\makakaontherun\\wp-content\\plugins\\all-in-one-wp-migration\\lib\\vendor\\servmask\\archiver\\class-ai1wm-compressor.php","Line":68}

Jan 11 2019 17:48:29
{"Number":2,"Message":"fopen(C:\\\\xampp\\\\htdocs\\\\makakaontherun\\\\wp-content\\\\themes\\\\twentysixteen\\\\template-parts\\\\content-search.php): failed to open stream: No such file or directory","File":"C:\\xampp\\htdocs\\makakaontherun\\wp-content\\plugins\\all-in-one-wp-migration\\lib\\vendor\\servmask\\archiver\\class-ai1wm-compressor.php","Line":68}

Jan 11 2019 17:48:29
{"Number":2,"Message":"fopen(C:\\\\xampp\\\\htdocs\\\\makakaontherun\\\\wp-content\\\\themes\\\\twentysixteen\\\\template-parts\\\\content-single.php): failed to open stream: No such file or directory","File":"C:\\xampp\\htdocs\\makakaontherun\\wp-content\\plugins\\all-in-one-wp-migration\\lib\\vendor\\servmask\\archiver\\class-ai1wm-compressor.php","Line":68}

Jan 11 2019 17:48:29
{"Number":2,"Message":"fopen(C:\\\\xampp\\\\htdocs\\\\makakaontherun\\\\wp-content\\\\themes\\\\twentysixteen\\\\template-parts\\\\content.php): failed to open stream: No such file or directory","File":"C:\\xampp\\htdocs\\makakaontherun\\wp-content\\plugins\\all-in-one-wp-migration\\lib\\vendor\\servmask\\archiver\\class-ai1wm-compressor.php","Line":68}

Jan 11 2019 17:48:29
{"Number":2,"Message":"fopen(C:\\\\xampp\\\\htdocs\\\\makakaontherun\\\\wp-content\\\\w3tc-config\\\\.listing): failed to open stream: No such file or directory","File":"C:\\xampp\\htdocs\\makakaontherun\\wp-content\\plugins\\all-in-one-wp-migration\\lib\\vendor\\servmask\\archiver\\class-ai1wm-compressor.php","Line":68}

Jan 11 2019 17:48:29
{"Number":2,"Message":"fopen(C:\\\\xampp\\\\htdocs\\\\makakaontherun\\\\wp-content\\\\w3tc-config\\\\index.html): failed to open stream: No such file or directory","File":"C:\\xampp\\htdocs\\makakaontherun\\wp-content\\plugins\\all-in-one-wp-migration\\lib\\vendor\\servmask\\archiver\\class-ai1wm-compressor.php","Line":68}

Jan 11 2019 17:48:29
{"Number":2,"Message":"fopen(C:\\\\xampp\\\\htdocs\\\\makakaontherun\\\\wp-content\\\\w3tc-config\\\\master.php): failed to open stream: No such file or directory","File":"C:\\xampp\\htdocs\\makakaontherun\\wp-content\\plugins\\all-in-one-wp-migration\\lib\\vendor\\servmask\\archiver\\class-ai1wm-compressor.php","Line":68}

Jan 12 2024 16:22:31
{"Number":8192,"Message":"explode(): Passing null to parameter #2 ($string) of type string is deprecated","File":"\/home2\/afncnomy\/public_html\/wp-content\/plugins\/all-in-one-wp-migration\/functions.php","Line":338}

Jan 12 2024 16:22:31
{"type":8192,"message":"Return type of Ai1wm_Recursive_Newline_Filter::accept() should either be compatible with FilterIterator::accept(): bool, or the #[\\ReturnTypeWillChange] attribute should be used to temporarily suppress the notice","file":"\/home2\/afncnomy\/public_html\/wp-content\/plugins\/all-in-one-wp-migration\/lib\/vendor\/servmask\/filter\/class-ai1wm-recursive-newline-filter.php","line":28}

Jan 12 2024 16:22:32
{"type":8192,"message":"Return type of Ai1wm_Recursive_Newline_Filter::accept() should either be compatible with FilterIterator::accept(): bool, or the #[\\ReturnTypeWillChange] attribute should be used to temporarily suppress the notice","file":"\/home2\/afncnomy\/public_html\/wp-content\/plugins\/all-in-one-wp-migration\/lib\/vendor\/servmask\/filter\/class-ai1wm-recursive-newline-filter.php","line":28}

Jan 12 2024 16:22:32
{"type":8192,"message":"Return type of Ai1wm_Recursive_Newline_Filter::accept() should either be compatible with FilterIterator::accept(): bool, or the #[\\ReturnTypeWillChange] attribute should be used to temporarily suppress the notice","file":"\/home2\/afncnomy\/public_html\/wp-content\/plugins\/all-in-one-wp-migration\/lib\/vendor\/servmask\/filter\/class-ai1wm-recursive-newline-filter.php","line":28}

Jan 12 2024 16:22:33
{"type":8192,"message":"Return type of Ai1wm_Recursive_Newline_Filter::accept() should either be compatible with FilterIterator::accept(): bool, or the #[\\ReturnTypeWillChange] attribute should be used to temporarily suppress the notice","file":"\/home2\/afncnomy\/public_html\/wp-content\/plugins\/all-in-one-wp-migration\/lib\/vendor\/servmask\/filter\/class-ai1wm-recursive-newline-filter.php","line":28}

Jan 12 2024 16:22:33
{"type":8192,"message":"Return type of Ai1wm_Recursive_Newline_Filter::accept() should either be compatible with FilterIterator::accept(): bool, or the #[\\ReturnTypeWillChange] attribute should be used to temporarily suppress the notice","file":"\/home2\/afncnomy\/public_html\/wp-content\/plugins\/all-in-one-wp-migration\/lib\/vendor\/servmask\/filter\/class-ai1wm-recursive-newline-filter.php","line":28}

Jan 12 2024 16:22:35
{"type":8192,"message":"Return type of Ai1wm_Recursive_Newline_Filter::accept() should either be compatible with FilterIterator::accept(): bool, or the #[\\ReturnTypeWillChange] attribute should be used to temporarily suppress the notice","file":"\/home2\/afncnomy\/public_html\/wp-content\/plugins\/all-in-one-wp-migration\/lib\/vendor\/servmask\/filter\/class-ai1wm-recursive-newline-filter.php","line":28}

Jan 12 2024 16:22:36
{"type":8192,"message":"Return type of Ai1wm_Recursive_Newline_Filter::accept() should either be compatible with FilterIterator::accept(): bool, or the #[\\ReturnTypeWillChange] attribute should be used to temporarily suppress the notice","file":"\/home2\/afncnomy\/public_html\/wp-content\/plugins\/all-in-one-wp-migration\/lib\/vendor\/servmask\/filter\/class-ai1wm-recursive-newline-filter.php","line":28}

Jan 12 2024 16:22:36
{"type":8192,"message":"Return type of Ai1wm_Recursive_Newline_Filter::accept() should either be compatible with FilterIterator::accept(): bool, or the #[\\ReturnTypeWillChange] attribute should be used to temporarily suppress the notice","file":"\/home2\/afncnomy\/public_html\/wp-content\/plugins\/all-in-one-wp-migration\/lib\/vendor\/servmask\/filter\/class-ai1wm-recursive-newline-filter.php","line":28}

Jan 12 2024 16:22:37
{"type":8192,"message":"Return type of Ai1wm_Recursive_Newline_Filter::accept() should either be compatible with FilterIterator::accept(): bool, or the #[\\ReturnTypeWillChange] attribute should be used to temporarily suppress the notice","file":"\/home2\/afncnomy\/public_html\/wp-content\/plugins\/all-in-one-wp-migration\/lib\/vendor\/servmask\/filter\/class-ai1wm-recursive-newline-filter.php","line":28}

Jan 12 2024 16:22:37
{"type":8192,"message":"Return type of Ai1wm_Recursive_Newline_Filter::accept() should either be compatible with FilterIterator::accept(): bool, or the #[\\ReturnTypeWillChange] attribute should be used to temporarily suppress the notice","file":"\/home2\/afncnomy\/public_html\/wp-content\/plugins\/all-in-one-wp-migration\/lib\/vendor\/servmask\/filter\/class-ai1wm-recursive-newline-filter.php","line":28}

Jan 30 2024 03:13:23
{"Number":8192,"Message":"explode(): Passing null to parameter #2 ($string) of type string is deprecated","File":"\/home2\/afncnomy\/public_html\/wp-content\/plugins\/all-in-one-wp-migration\/functions.php","Line":338}

Jan 30 2024 03:13:23
{"type":8192,"message":"Return type of Ai1wm_Recursive_Newline_Filter::accept() should either be compatible with FilterIterator::accept(): bool, or the #[\\ReturnTypeWillChange] attribute should be used to temporarily suppress the notice","file":"\/home2\/afncnomy\/public_html\/wp-content\/plugins\/all-in-one-wp-migration\/lib\/vendor\/servmask\/filter\/class-ai1wm-recursive-newline-filter.php","line":28}

Jan 30 2024 03:13:23
{"type":8192,"message":"Return type of Ai1wm_Recursive_Newline_Filter::accept() should either be compatible with FilterIterator::accept(): bool, or the #[\\ReturnTypeWillChange] attribute should be used to temporarily suppress the notice","file":"\/home2\/afncnomy\/public_html\/wp-content\/plugins\/all-in-one-wp-migration\/lib\/vendor\/servmask\/filter\/class-ai1wm-recursive-newline-filter.php","line":28}

Jan 30 2024 03:13:24
{"type":8192,"message":"Return type of Ai1wm_Recursive_Newline_Filter::accept() should either be compatible with FilterIterator::accept(): bool, or the #[\\ReturnTypeWillChange] attribute should be used to temporarily suppress the notice","file":"\/home2\/afncnomy\/public_html\/wp-content\/plugins\/all-in-one-wp-migration\/lib\/vendor\/servmask\/filter\/class-ai1wm-recursive-newline-filter.php","line":28}

Jan 30 2024 03:13:24
{"type":8192,"message":"Return type of Ai1wm_Recursive_Newline_Filter::accept() should either be compatible with FilterIterator::accept(): bool, or the #[\\ReturnTypeWillChange] attribute should be used to temporarily suppress the notice","file":"\/home2\/afncnomy\/public_html\/wp-content\/plugins\/all-in-one-wp-migration\/lib\/vendor\/servmask\/filter\/class-ai1wm-recursive-newline-filter.php","line":28}

Jan 30 2024 03:13:25
{"type":8192,"message":"Return type of Ai1wm_Recursive_Newline_Filter::accept() should either be compatible with FilterIterator::accept(): bool, or the #[\\ReturnTypeWillChange] attribute should be used to temporarily suppress the notice","file":"\/home2\/afncnomy\/public_html\/wp-content\/plugins\/all-in-one-wp-migration\/lib\/vendor\/servmask\/filter\/class-ai1wm-recursive-newline-filter.php","line":28}

Jan 30 2024 03:13:28
{"type":8192,"message":"Return type of Ai1wm_Recursive_Newline_Filter::accept() should either be compatible with FilterIterator::accept(): bool, or the #[\\ReturnTypeWillChange] attribute should be used to temporarily suppress the notice","file":"\/home2\/afncnomy\/public_html\/wp-content\/plugins\/all-in-one-wp-migration\/lib\/vendor\/servmask\/filter\/class-ai1wm-recursive-newline-filter.php","line":28}

Jan 30 2024 03:13:28
{"type":8192,"message":"Return type of Ai1wm_Recursive_Newline_Filter::accept() should either be compatible with FilterIterator::accept(): bool, or the #[\\ReturnTypeWillChange] attribute should be used to temporarily suppress the notice","file":"\/home2\/afncnomy\/public_html\/wp-content\/plugins\/all-in-one-wp-migration\/lib\/vendor\/servmask\/filter\/class-ai1wm-recursive-newline-filter.php","line":28}

Jan 30 2024 03:13:29
{"type":8192,"message":"Return type of Ai1wm_Recursive_Newline_Filter::accept() should either be compatible with FilterIterator::accept(): bool, or the #[\\ReturnTypeWillChange] attribute should be used to temporarily suppress the notice","file":"\/home2\/afncnomy\/public_html\/wp-content\/plugins\/all-in-one-wp-migration\/lib\/vendor\/servmask\/filter\/class-ai1wm-recursive-newline-filter.php","line":28}

Jan 30 2024 03:13:29
{"type":8192,"message":"Return type of Ai1wm_Recursive_Newline_Filter::accept() should either be compatible with FilterIterator::accept(): bool, or the #[\\ReturnTypeWillChange] attribute should be used to temporarily suppress the notice","file":"\/home2\/afncnomy\/public_html\/wp-content\/plugins\/all-in-one-wp-migration\/lib\/vendor\/servmask\/filter\/class-ai1wm-recursive-newline-filter.php","line":28}

Jan 30 2024 03:13:30
{"type":8192,"message":"Return type of Ai1wm_Recursive_Newline_Filter::accept() should either be compatible with FilterIterator::accept(): bool, or the #[\\ReturnTypeWillChange] attribute should be used to temporarily suppress the notice","file":"\/home2\/afncnomy\/public_html\/wp-content\/plugins\/all-in-one-wp-migration\/lib\/vendor\/servmask\/filter\/class-ai1wm-recursive-newline-filter.php","line":28}

